running develop
running egg_info
creating tunnel_inspection_sim.egg-info
writing tunnel_inspection_sim.egg-info/PKG-INFO
writing dependency_links to tunnel_inspection_sim.egg-info/dependency_links.txt
writing entry points to tunnel_inspection_sim.egg-info/entry_points.txt
writing requirements to tunnel_inspection_sim.egg-info/requires.txt
writing top-level names to tunnel_inspection_sim.egg-info/top_level.txt
writing manifest file 'tunnel_inspection_sim.egg-info/SOURCES.txt'
reading manifest file 'tunnel_inspection_sim.egg-info/SOURCES.txt'
writing manifest file 'tunnel_inspection_sim.egg-info/SOURCES.txt'
running build_ext
Creating /home/leejungyeon/ros2_ws/install/tunnel_inspection_sim/lib/python3.10/site-packages/tunnel-inspection-sim.egg-link (link to .)

Installed /home/leejungyeon/ros2_ws/build/tunnel_inspection_sim
running symlink_data
creating /home/leejungyeon/ros2_ws/install/tunnel_inspection_sim/share
creating /home/leejungyeon/ros2_ws/install/tunnel_inspection_sim/share/ament_index
creating /home/leejungyeon/ros2_ws/install/tunnel_inspection_sim/share/ament_index/resource_index
creating /home/leejungyeon/ros2_ws/install/tunnel_inspection_sim/share/ament_index/resource_index/packages
symbolically linking /home/leejungyeon/ros2_ws/build/tunnel_inspection_sim/resource/tunnel_inspection_sim -> /home/leejungyeon/ros2_ws/install/tunnel_inspection_sim/share/ament_index/resource_index/packages
creating /home/leejungyeon/ros2_ws/install/tunnel_inspection_sim/share/tunnel_inspection_sim
symbolically linking /home/leejungyeon/ros2_ws/build/tunnel_inspection_sim/package.xml -> /home/leejungyeon/ros2_ws/install/tunnel_inspection_sim/share/tunnel_inspection_sim
creating /home/leejungyeon/ros2_ws/install/tunnel_inspection_sim/share/tunnel_inspection_sim/models
creating /home/leejungyeon/ros2_ws/install/tunnel_inspection_sim/share/tunnel_inspection_sim/models/tunnel
symbolically linking /home/leejungyeon/ros2_ws/build/tunnel_inspection_sim/models/tunnel/tunnel.obj -> /home/leejungyeon/ros2_ws/install/tunnel_inspection_sim/share/tunnel_inspection_sim/models/tunnel
symbolically linking /home/leejungyeon/ros2_ws/build/tunnel_inspection_sim/models/tunnel/model.sdf -> /home/leejungyeon/ros2_ws/install/tunnel_inspection_sim/share/tunnel_inspection_sim/models/tunnel
symbolically linking /home/leejungyeon/ros2_ws/build/tunnel_inspection_sim/models/tunnel/tunnel.bin -> /home/leejungyeon/ros2_ws/install/tunnel_inspection_sim/share/tunnel_inspection_sim/models/tunnel
symbolically linking /home/leejungyeon/ros2_ws/build/tunnel_inspection_sim/models/tunnel/tunnel.glb -> /home/leejungyeon/ros2_ws/install/tunnel_inspection_sim/share/tunnel_inspection_sim/models/tunnel
symbolically linking /home/leejungyeon/ros2_ws/build/tunnel_inspection_sim/models/tunnel/tunnel.mtl -> /home/leejungyeon/ros2_ws/install/tunnel_inspection_sim/share/tunnel_inspection_sim/models/tunnel
symbolically linking /home/leejungyeon/ros2_ws/build/tunnel_inspection_sim/models/tunnel/model.config -> /home/leejungyeon/ros2_ws/install/tunnel_inspection_sim/share/tunnel_inspection_sim/models/tunnel
creating /home/leejungyeon/ros2_ws/install/tunnel_inspection_sim/share/tunnel_inspection_sim/models/tunnel/cracks
symbolically linking /home/leejungyeon/ros2_ws/build/tunnel_inspection_sim/models/tunnel/cracks/crack_001.png -> /home/leejungyeon/ros2_ws/install/tunnel_inspection_sim/share/tunnel_inspection_sim/models/tunnel/cracks
symbolically linking /home/leejungyeon/ros2_ws/build/tunnel_inspection_sim/models/tunnel/cracks/crack_008.png -> /home/leejungyeon/ros2_ws/install/tunnel_inspection_sim/share/tunnel_inspection_sim/models/tunnel/cracks
symbolically linking /home/leejungyeon/ros2_ws/build/tunnel_inspection_sim/models/tunnel/cracks/crack_006.png -> /home/leejungyeon/ros2_ws/install/tunnel_inspection_sim/share/tunnel_inspection_sim/models/tunnel/cracks
symbolically linking /home/leejungyeon/ros2_ws/build/tunnel_inspection_sim/models/tunnel/cracks/crack_004.png -> /home/leejungyeon/ros2_ws/install/tunnel_inspection_sim/share/tunnel_inspection_sim/models/tunnel/cracks
symbolically linking /home/leejungyeon/ros2_ws/build/tunnel_inspection_sim/models/tunnel/cracks/crack_009.png -> /home/leejungyeon/ros2_ws/install/tunnel_inspection_sim/share/tunnel_inspection_sim/models/tunnel/cracks
symbolically linking /home/leejungyeon/ros2_ws/build/tunnel_inspection_sim/models/tunnel/cracks/crack_002.png -> /home/leejungyeon/ros2_ws/install/tunnel_inspection_sim/share/tunnel_inspection_sim/models/tunnel/cracks
symbolically linking /home/leejungyeon/ros2_ws/build/tunnel_inspection_sim/models/tunnel/cracks/crack_003.png -> /home/leejungyeon/ros2_ws/install/tunnel_inspection_sim/share/tunnel_inspection_sim/models/tunnel/cracks
symbolically linking /home/leejungyeon/ros2_ws/build/tunnel_inspection_sim/models/tunnel/cracks/crack_005.png -> /home/leejungyeon/ros2_ws/install/tunnel_inspection_sim/share/tunnel_inspection_sim/models/tunnel/cracks
symbolically linking /home/leejungyeon/ros2_ws/build/tunnel_inspection_sim/models/tunnel/cracks/crack_007.png -> /home/leejungyeon/ros2_ws/install/tunnel_inspection_sim/share/tunnel_inspection_sim/models/tunnel/cracks
symbolically linking /home/leejungyeon/ros2_ws/build/tunnel_inspection_sim/models/tunnel/cracks/crack_010.png -> /home/leejungyeon/ros2_ws/install/tunnel_inspection_sim/share/tunnel_inspection_sim/models/tunnel/cracks
symbolically linking /home/leejungyeon/ros2_ws/build/tunnel_inspection_sim/models/tunnel/cracks/crack_ground_truth.csv -> /home/leejungyeon/ros2_ws/install/tunnel_inspection_sim/share/tunnel_inspection_sim/models/tunnel/cracks
creating /home/leejungyeon/ros2_ws/install/tunnel_inspection_sim/share/tunnel_inspection_sim/worlds
symbolically linking /home/leejungyeon/ros2_ws/build/tunnel_inspection_sim/worlds/tunnel_world.sdf -> /home/leejungyeon/ros2_ws/install/tunnel_inspection_sim/share/tunnel_inspection_sim/worlds
