[0.516s] Invoking command in '/home/leejungyeon/ros2_ws/build/tunnel_inspection_sim': PYTHONPATH=/home/leejungyeon/ros2_ws/build/tunnel_inspection_sim/prefix_override:/usr/lib/python3/dist-packages/colcon_core/task/python/colcon_distutils_commands:/home/leejungyeon/ros2_ws/install/tunnel_inspection_sim/lib/python3.10/site-packages:${PYTHONPATH} /usr/bin/python3 -W ignore:setup.py install is deprecated -W ignore:easy_install command is deprecated setup.py develop --editable --build-directory /home/leejungyeon/ros2_ws/build/tunnel_inspection_sim/build --no-deps symlink_data
[0.661s] running develop
[0.738s] running egg_info
[0.738s] creating tunnel_inspection_sim.egg-info
[0.739s] writing tunnel_inspection_sim.egg-info/PKG-INFO
[0.739s] writing dependency_links to tunnel_inspection_sim.egg-info/dependency_links.txt
[0.739s] writing entry points to tunnel_inspection_sim.egg-info/entry_points.txt
[0.739s] writing requirements to tunnel_inspection_sim.egg-info/requires.txt
[0.739s] writing top-level names to tunnel_inspection_sim.egg-info/top_level.txt
[0.740s] writing manifest file 'tunnel_inspection_sim.egg-info/SOURCES.txt'
[0.741s] reading manifest file 'tunnel_inspection_sim.egg-info/SOURCES.txt'
[0.741s] writing manifest file 'tunnel_inspection_sim.egg-info/SOURCES.txt'
[0.742s] running build_ext
[0.742s] Creating /home/leejungyeon/ros2_ws/install/tunnel_inspection_sim/lib/python3.10/site-packages/tunnel-inspection-sim.egg-link (link to .)
[0.743s] 
[0.743s] Installed /home/leejungyeon/ros2_ws/build/tunnel_inspection_sim
[0.744s] running symlink_data
[0.744s] creating /home/leejungyeon/ros2_ws/install/tunnel_inspection_sim/share
[0.744s] creating /home/leejungyeon/ros2_ws/install/tunnel_inspection_sim/share/ament_index
[0.744s] creating /home/leejungyeon/ros2_ws/install/tunnel_inspection_sim/share/ament_index/resource_index
[0.744s] creating /home/leejungyeon/ros2_ws/install/tunnel_inspection_sim/share/ament_index/resource_index/packages
[0.745s] symbolically linking /home/leejungyeon/ros2_ws/build/tunnel_inspection_sim/resource/tunnel_inspection_sim -> /home/leejungyeon/ros2_ws/install/tunnel_inspection_sim/share/ament_index/resource_index/packages
[0.745s] creating /home/leejungyeon/ros2_ws/install/tunnel_inspection_sim/share/tunnel_inspection_sim
[0.745s] symbolically linking /home/leejungyeon/ros2_ws/build/tunnel_inspection_sim/package.xml -> /home/leejungyeon/ros2_ws/install/tunnel_inspection_sim/share/tunnel_inspection_sim
[0.746s] creating /home/leejungyeon/ros2_ws/install/tunnel_inspection_sim/share/tunnel_inspection_sim/models
[0.746s] creating /home/leejungyeon/ros2_ws/install/tunnel_inspection_sim/share/tunnel_inspection_sim/models/tunnel
[0.746s] symbolically linking /home/leejungyeon/ros2_ws/build/tunnel_inspection_sim/models/tunnel/tunnel.obj -> /home/leejungyeon/ros2_ws/install/tunnel_inspection_sim/share/tunnel_inspection_sim/models/tunnel
[0.746s] symbolically linking /home/leejungyeon/ros2_ws/build/tunnel_inspection_sim/models/tunnel/model.sdf -> /home/leejungyeon/ros2_ws/install/tunnel_inspection_sim/share/tunnel_inspection_sim/models/tunnel
[0.747s] symbolically linking /home/leejungyeon/ros2_ws/build/tunnel_inspection_sim/models/tunnel/tunnel.bin -> /home/leejungyeon/ros2_ws/install/tunnel_inspection_sim/share/tunnel_inspection_sim/models/tunnel
[0.747s] symbolically linking /home/leejungyeon/ros2_ws/build/tunnel_inspection_sim/models/tunnel/tunnel.glb -> /home/leejungyeon/ros2_ws/install/tunnel_inspection_sim/share/tunnel_inspection_sim/models/tunnel
[0.747s] symbolically linking /home/leejungyeon/ros2_ws/build/tunnel_inspection_sim/models/tunnel/tunnel.mtl -> /home/leejungyeon/ros2_ws/install/tunnel_inspection_sim/share/tunnel_inspection_sim/models/tunnel
[0.748s] symbolically linking /home/leejungyeon/ros2_ws/build/tunnel_inspection_sim/models/tunnel/model.config -> /home/leejungyeon/ros2_ws/install/tunnel_inspection_sim/share/tunnel_inspection_sim/models/tunnel
[0.748s] creating /home/leejungyeon/ros2_ws/install/tunnel_inspection_sim/share/tunnel_inspection_sim/models/tunnel/cracks
[0.749s] symbolically linking /home/leejungyeon/ros2_ws/build/tunnel_inspection_sim/models/tunnel/cracks/crack_001.png -> /home/leejungyeon/ros2_ws/install/tunnel_inspection_sim/share/tunnel_inspection_sim/models/tunnel/cracks
[0.749s] symbolically linking /home/leejungyeon/ros2_ws/build/tunnel_inspection_sim/models/tunnel/cracks/crack_008.png -> /home/leejungyeon/ros2_ws/install/tunnel_inspection_sim/share/tunnel_inspection_sim/models/tunnel/cracks
[0.749s] symbolically linking /home/leejungyeon/ros2_ws/build/tunnel_inspection_sim/models/tunnel/cracks/crack_006.png -> /home/leejungyeon/ros2_ws/install/tunnel_inspection_sim/share/tunnel_inspection_sim/models/tunnel/cracks
[0.750s] symbolically linking /home/leejungyeon/ros2_ws/build/tunnel_inspection_sim/models/tunnel/cracks/crack_004.png -> /home/leejungyeon/ros2_ws/install/tunnel_inspection_sim/share/tunnel_inspection_sim/models/tunnel/cracks
[0.750s] symbolically linking /home/leejungyeon/ros2_ws/build/tunnel_inspection_sim/models/tunnel/cracks/crack_009.png -> /home/leejungyeon/ros2_ws/install/tunnel_inspection_sim/share/tunnel_inspection_sim/models/tunnel/cracks
[0.750s] symbolically linking /home/leejungyeon/ros2_ws/build/tunnel_inspection_sim/models/tunnel/cracks/crack_002.png -> /home/leejungyeon/ros2_ws/install/tunnel_inspection_sim/share/tunnel_inspection_sim/models/tunnel/cracks
[0.751s] symbolically linking /home/leejungyeon/ros2_ws/build/tunnel_inspection_sim/models/tunnel/cracks/crack_003.png -> /home/leejungyeon/ros2_ws/install/tunnel_inspection_sim/share/tunnel_inspection_sim/models/tunnel/cracks
[0.751s] symbolically linking /home/leejungyeon/ros2_ws/build/tunnel_inspection_sim/models/tunnel/cracks/crack_005.png -> /home/leejungyeon/ros2_ws/install/tunnel_inspection_sim/share/tunnel_inspection_sim/models/tunnel/cracks
[0.751s] symbolically linking /home/leejungyeon/ros2_ws/build/tunnel_inspection_sim/models/tunnel/cracks/crack_007.png -> /home/leejungyeon/ros2_ws/install/tunnel_inspection_sim/share/tunnel_inspection_sim/models/tunnel/cracks
[0.752s] symbolically linking /home/leejungyeon/ros2_ws/build/tunnel_inspection_sim/models/tunnel/cracks/crack_010.png -> /home/leejungyeon/ros2_ws/install/tunnel_inspection_sim/share/tunnel_inspection_sim/models/tunnel/cracks
[0.752s] symbolically linking /home/leejungyeon/ros2_ws/build/tunnel_inspection_sim/models/tunnel/cracks/crack_ground_truth.csv -> /home/leejungyeon/ros2_ws/install/tunnel_inspection_sim/share/tunnel_inspection_sim/models/tunnel/cracks
[0.752s] creating /home/leejungyeon/ros2_ws/install/tunnel_inspection_sim/share/tunnel_inspection_sim/worlds
[0.753s] symbolically linking /home/leejungyeon/ros2_ws/build/tunnel_inspection_sim/worlds/tunnel_world.sdf -> /home/leejungyeon/ros2_ws/install/tunnel_inspection_sim/share/tunnel_inspection_sim/worlds
[0.783s] Invoked command in '/home/leejungyeon/ros2_ws/build/tunnel_inspection_sim' returned '0': PYTHONPATH=/home/leejungyeon/ros2_ws/build/tunnel_inspection_sim/prefix_override:/usr/lib/python3/dist-packages/colcon_core/task/python/colcon_distutils_commands:/home/leejungyeon/ros2_ws/install/tunnel_inspection_sim/lib/python3.10/site-packages:${PYTHONPATH} /usr/bin/python3 -W ignore:setup.py install is deprecated -W ignore:easy_install command is deprecated setup.py develop --editable --build-directory /home/leejungyeon/ros2_ws/build/tunnel_inspection_sim/build --no-deps symlink_data
